2023-02-03 00:00:32.225  INFO 10476 --- [Thread-5] o.apache.catalina.core.StandardService   : Stopping service [Tomcat]
2023-02-03 00:00:32.240  INFO 10476 --- [Thread-5] o.a.c.c.C.[Tomcat].[localhost].[/]       : Destroying Spring FrameworkServlet 'dispatcherServlet'
2023-02-03 00:00:32.252  INFO 10476 --- [Thread-5] com.zaxxer.hikari.HikariDataSource       : HikariPool-1 - Shutdown initiated...
2023-02-03 00:00:32.310  INFO 10476 --- [Thread-5] com.zaxxer.hikari.HikariDataSource       : HikariPool-1 - Shutdown completed.
2023-02-03 00:00:32.457  INFO 10476 --- [restartedMain] com.cg.hbm.HotelBooking                  : Starting HotelBooking using Java 17.0.5 on lin33001624 with PID 10476 (C:\MySpringBootWork\Sprint1\HotelBooking\bin\main started by rpulumat in C:\MySpringBootWork\Sprint1\HotelBooking)
2023-02-03 00:00:32.461  INFO 10476 --- [restartedMain] com.cg.hbm.HotelBooking                  : No active profile set, falling back to 1 default profile: "default"
2023-02-03 00:00:32.948  INFO 10476 --- [restartedMain] o.apache.catalina.core.StandardService   : Starting service [Tomcat]
2023-02-03 00:00:32.949  INFO 10476 --- [restartedMain] org.apache.catalina.core.StandardEngine  : Starting Servlet engine: [Apache Tomcat/9.0.71]
2023-02-03 00:00:32.979  INFO 10476 --- [restartedMain] o.a.c.c.C.[Tomcat].[localhost].[/]       : Initializing Spring embedded WebApplicationContext
2023-02-03 00:00:33.027  INFO 10476 --- [restartedMain] o.hibernate.jpa.internal.util.LogHelper  : HHH000204: Processing PersistenceUnitInfo [name: default]
2023-02-03 00:00:33.035  INFO 10476 --- [restartedMain] com.zaxxer.hikari.HikariDataSource       : HikariPool-2 - Starting...
2023-02-03 00:00:33.121  INFO 10476 --- [restartedMain] com.zaxxer.hikari.HikariDataSource       : HikariPool-2 - Start completed.
2023-02-03 00:00:33.122  INFO 10476 --- [restartedMain] org.hibernate.dialect.Dialect            : HHH000400: Using dialect: org.hibernate.dialect.PostgreSQLDialect
2023-02-03 00:00:33.255  INFO 10476 --- [restartedMain] o.h.e.t.j.p.i.JtaPlatformInitiator       : HHH000490: Using JtaPlatform implementation: [org.hibernate.engine.transaction.jta.platform.internal.NoJtaPlatform]
2023-02-03 00:00:33.267  INFO 10476 --- [restartedMain] c.cg.hbm.controller.HotelRestController  : Hotel booking Rest Controller called
2023-02-03 00:00:33.418  WARN 10476 --- [restartedMain] JpaBaseConfiguration$JpaWebConfiguration : spring.jpa.open-in-view is enabled by default. Therefore, database queries may be performed during view rendering. Explicitly configure spring.jpa.open-in-view to disable this warning
2023-02-03 00:00:33.556  INFO 10476 --- [restartedMain] com.cg.hbm.HotelBooking                  : Started HotelBooking in 1.155 seconds (JVM running for 1884.026)
2023-02-03 00:19:47.963  INFO 10476 --- [Thread-7] o.apache.catalina.core.StandardService   : Stopping service [Tomcat]
2023-02-03 00:19:47.969  INFO 10476 --- [Thread-7] com.zaxxer.hikari.HikariDataSource       : HikariPool-2 - Shutdown initiated...
2023-02-03 00:19:47.976  INFO 10476 --- [Thread-7] com.zaxxer.hikari.HikariDataSource       : HikariPool-2 - Shutdown completed.
2023-02-03 00:19:48.058  INFO 10476 --- [restartedMain] com.cg.hbm.HotelBooking                  : Starting HotelBooking using Java 17.0.5 on lin33001624 with PID 10476 (C:\MySpringBootWork\Sprint1\HotelBooking\bin\main started by rpulumat in C:\MySpringBootWork\Sprint1\HotelBooking)
2023-02-03 00:19:48.058  INFO 10476 --- [restartedMain] com.cg.hbm.HotelBooking                  : No active profile set, falling back to 1 default profile: "default"
2023-02-03 00:19:48.382  INFO 10476 --- [restartedMain] o.apache.catalina.core.StandardService   : Starting service [Tomcat]
2023-02-03 00:19:48.383  INFO 10476 --- [restartedMain] org.apache.catalina.core.StandardEngine  : Starting Servlet engine: [Apache Tomcat/9.0.71]
2023-02-03 00:19:48.407  INFO 10476 --- [restartedMain] o.a.c.c.C.[Tomcat].[localhost].[/]       : Initializing Spring embedded WebApplicationContext
2023-02-03 00:19:48.448  INFO 10476 --- [restartedMain] o.hibernate.jpa.internal.util.LogHelper  : HHH000204: Processing PersistenceUnitInfo [name: default]
2023-02-03 00:19:48.452  INFO 10476 --- [restartedMain] com.zaxxer.hikari.HikariDataSource       : HikariPool-3 - Starting...
2023-02-03 00:19:48.528  INFO 10476 --- [restartedMain] com.zaxxer.hikari.HikariDataSource       : HikariPool-3 - Start completed.
2023-02-03 00:19:48.529  INFO 10476 --- [restartedMain] org.hibernate.dialect.Dialect            : HHH000400: Using dialect: org.hibernate.dialect.PostgreSQLDialect
2023-02-03 00:19:48.674  INFO 10476 --- [restartedMain] o.h.e.t.j.p.i.JtaPlatformInitiator       : HHH000490: Using JtaPlatform implementation: [org.hibernate.engine.transaction.jta.platform.internal.NoJtaPlatform]
2023-02-03 00:19:48.682  INFO 10476 --- [restartedMain] c.cg.hbm.controller.HotelRestController  : Hotel booking Rest Controller called
2023-02-03 00:19:48.772  WARN 10476 --- [restartedMain] JpaBaseConfiguration$JpaWebConfiguration : spring.jpa.open-in-view is enabled by default. Therefore, database queries may be performed during view rendering. Explicitly configure spring.jpa.open-in-view to disable this warning
2023-02-03 00:19:48.877  INFO 10476 --- [restartedMain] com.cg.hbm.HotelBooking                  : Started HotelBooking in 0.846 seconds (JVM running for 3039.347)
2023-02-03 00:22:11.790  INFO 10476 --- [Thread-11] o.apache.catalina.core.StandardService   : Stopping service [Tomcat]
2023-02-03 00:22:11.795  INFO 10476 --- [Thread-11] com.zaxxer.hikari.HikariDataSource       : HikariPool-3 - Shutdown initiated...
2023-02-03 00:22:11.806  INFO 10476 --- [Thread-11] com.zaxxer.hikari.HikariDataSource       : HikariPool-3 - Shutdown completed.
2023-02-03 00:22:11.899  INFO 10476 --- [restartedMain] com.cg.hbm.HotelBooking                  : Starting HotelBooking using Java 17.0.5 on lin33001624 with PID 10476 (C:\MySpringBootWork\Sprint1\HotelBooking\bin\main started by rpulumat in C:\MySpringBootWork\Sprint1\HotelBooking)
2023-02-03 00:22:11.899  INFO 10476 --- [restartedMain] com.cg.hbm.HotelBooking                  : No active profile set, falling back to 1 default profile: "default"
2023-02-03 00:22:12.336  INFO 10476 --- [restartedMain] o.apache.catalina.core.StandardService   : Starting service [Tomcat]
2023-02-03 00:22:12.339  INFO 10476 --- [restartedMain] org.apache.catalina.core.StandardEngine  : Starting Servlet engine: [Apache Tomcat/9.0.71]
2023-02-03 00:22:12.366  INFO 10476 --- [restartedMain] o.a.c.c.C.[Tomcat].[localhost].[/]       : Initializing Spring embedded WebApplicationContext
2023-02-03 00:22:12.412  INFO 10476 --- [restartedMain] o.hibernate.jpa.internal.util.LogHelper  : HHH000204: Processing PersistenceUnitInfo [name: default]
2023-02-03 00:22:12.421  INFO 10476 --- [restartedMain] com.zaxxer.hikari.HikariDataSource       : HikariPool-4 - Starting...
2023-02-03 00:22:12.530  INFO 10476 --- [restartedMain] com.zaxxer.hikari.HikariDataSource       : HikariPool-4 - Start completed.
2023-02-03 00:22:12.531  INFO 10476 --- [restartedMain] org.hibernate.dialect.Dialect            : HHH000400: Using dialect: org.hibernate.dialect.PostgreSQLDialect
2023-02-03 00:22:12.695  INFO 10476 --- [restartedMain] o.h.e.t.j.p.i.JtaPlatformInitiator       : HHH000490: Using JtaPlatform implementation: [org.hibernate.engine.transaction.jta.platform.internal.NoJtaPlatform]
2023-02-03 00:22:12.705  INFO 10476 --- [restartedMain] c.cg.hbm.controller.HotelRestController  : Hotel booking Rest Controller called
2023-02-03 00:22:12.826  WARN 10476 --- [restartedMain] JpaBaseConfiguration$JpaWebConfiguration : spring.jpa.open-in-view is enabled by default. Therefore, database queries may be performed during view rendering. Explicitly configure spring.jpa.open-in-view to disable this warning
2023-02-03 00:22:12.929  INFO 10476 --- [restartedMain] com.cg.hbm.HotelBooking                  : Started HotelBooking in 1.065 seconds (JVM running for 3183.4)
2023-02-03 00:22:23.063  INFO 10476 --- [http-nio-2005-exec-2] o.a.c.c.C.[Tomcat].[localhost].[/]       : Initializing Spring DispatcherServlet 'dispatcherServlet'
2023-02-03 00:22:23.065  WARN 10476 --- [http-nio-2005-exec-2] .w.s.m.s.DefaultHandlerExceptionResolver : Resolved [org.springframework.web.HttpRequestMethodNotSupportedException: Request method 'PUT' not supported]
2023-02-03 00:22:53.799  WARN 10476 --- [http-nio-2005-exec-5] .w.s.m.s.DefaultHandlerExceptionResolver : Resolved [org.springframework.web.HttpRequestMethodNotSupportedException: Request method 'POST' not supported]
2023-02-03 00:22:59.017  WARN 10476 --- [http-nio-2005-exec-6] .w.s.m.s.DefaultHandlerExceptionResolver : Resolved [org.springframework.web.bind.MissingPathVariableException: Required URI template variable 'hotelId' for method parameter type int is not present]
2023-02-03 00:25:57.131  INFO 10476 --- [Thread-15] o.apache.catalina.core.StandardService   : Stopping service [Tomcat]
2023-02-03 00:25:57.132  INFO 10476 --- [Thread-15] o.a.c.c.C.[Tomcat].[localhost].[/]       : Destroying Spring FrameworkServlet 'dispatcherServlet'
2023-02-03 00:25:57.139  INFO 10476 --- [Thread-15] com.zaxxer.hikari.HikariDataSource       : HikariPool-4 - Shutdown initiated...
2023-02-03 00:25:57.152  INFO 10476 --- [Thread-15] com.zaxxer.hikari.HikariDataSource       : HikariPool-4 - Shutdown completed.
2023-02-03 00:25:57.257  INFO 10476 --- [restartedMain] com.cg.hbm.HotelBooking                  : Starting HotelBooking using Java 17.0.5 on lin33001624 with PID 10476 (C:\MySpringBootWork\Sprint1\HotelBooking\bin\main started by rpulumat in C:\MySpringBootWork\Sprint1\HotelBooking)
2023-02-03 00:25:57.258  INFO 10476 --- [restartedMain] com.cg.hbm.HotelBooking                  : No active profile set, falling back to 1 default profile: "default"
2023-02-03 00:25:57.667  INFO 10476 --- [restartedMain] o.apache.catalina.core.StandardService   : Starting service [Tomcat]
2023-02-03 00:25:57.668  INFO 10476 --- [restartedMain] org.apache.catalina.core.StandardEngine  : Starting Servlet engine: [Apache Tomcat/9.0.71]
2023-02-03 00:25:57.697  INFO 10476 --- [restartedMain] o.a.c.c.C.[Tomcat].[localhost].[/]       : Initializing Spring embedded WebApplicationContext
2023-02-03 00:25:57.742  INFO 10476 --- [restartedMain] o.hibernate.jpa.internal.util.LogHelper  : HHH000204: Processing PersistenceUnitInfo [name: default]
2023-02-03 00:25:57.749  INFO 10476 --- [restartedMain] com.zaxxer.hikari.HikariDataSource       : HikariPool-5 - Starting...
2023-02-03 00:25:57.838  INFO 10476 --- [restartedMain] com.zaxxer.hikari.HikariDataSource       : HikariPool-5 - Start completed.
2023-02-03 00:25:57.838  INFO 10476 --- [restartedMain] org.hibernate.dialect.Dialect            : HHH000400: Using dialect: org.hibernate.dialect.PostgreSQLDialect
2023-02-03 00:25:57.967  INFO 10476 --- [restartedMain] o.h.e.t.j.p.i.JtaPlatformInitiator       : HHH000490: Using JtaPlatform implementation: [org.hibernate.engine.transaction.jta.platform.internal.NoJtaPlatform]
2023-02-03 00:25:57.974  INFO 10476 --- [restartedMain] c.cg.hbm.controller.HotelRestController  : Hotel booking Rest Controller called
2023-02-03 00:25:58.081  WARN 10476 --- [restartedMain] JpaBaseConfiguration$JpaWebConfiguration : spring.jpa.open-in-view is enabled by default. Therefore, database queries may be performed during view rendering. Explicitly configure spring.jpa.open-in-view to disable this warning
2023-02-03 00:25:58.207  INFO 10476 --- [restartedMain] com.cg.hbm.HotelBooking                  : Started HotelBooking in 0.984 seconds (JVM running for 3408.679)
2023-02-03 00:26:04.405  INFO 10476 --- [http-nio-2005-exec-4] o.a.c.c.C.[Tomcat].[localhost].[/]       : Initializing Spring DispatcherServlet 'dispatcherServlet'
2023-02-03 00:26:04.412  WARN 10476 --- [http-nio-2005-exec-4] .w.s.m.s.DefaultHandlerExceptionResolver : Resolved [org.springframework.web.bind.MissingPathVariableException: Required URI template variable 'hotelId' for method parameter type int is not present]
2023-02-03 06:29:28.930  INFO 1220 --- [restartedMain] com.cg.hbm.HotelBooking                  : Starting HotelBooking using Java 17.0.5 on lin33001624 with PID 1220 (C:\MySpringBootWork\Sprint1\HotelBooking\bin\main started by rpulumat in C:\MySpringBootWork\Sprint1\HotelBooking)
2023-02-03 06:29:28.932  INFO 1220 --- [restartedMain] com.cg.hbm.HotelBooking                  : No active profile set, falling back to 1 default profile: "default"
2023-02-03 06:29:30.357  INFO 1220 --- [restartedMain] o.apache.catalina.core.StandardService   : Starting service [Tomcat]
2023-02-03 06:29:30.358  INFO 1220 --- [restartedMain] org.apache.catalina.core.StandardEngine  : Starting Servlet engine: [Apache Tomcat/9.0.71]
2023-02-03 06:29:30.445  INFO 1220 --- [restartedMain] o.a.c.c.C.[Tomcat].[localhost].[/]       : Initializing Spring embedded WebApplicationContext
2023-02-03 06:29:30.670  INFO 1220 --- [restartedMain] o.hibernate.jpa.internal.util.LogHelper  : HHH000204: Processing PersistenceUnitInfo [name: default]
2023-02-03 06:29:30.719  INFO 1220 --- [restartedMain] org.hibernate.Version                    : HHH000412: Hibernate ORM core version 5.6.14.Final
2023-02-03 06:29:30.863  INFO 1220 --- [restartedMain] o.hibernate.annotations.common.Version   : HCANN000001: Hibernate Commons Annotations {5.1.2.Final}
2023-02-03 06:29:30.954  INFO 1220 --- [restartedMain] com.zaxxer.hikari.HikariDataSource       : HikariPool-1 - Starting...
2023-02-03 06:29:31.402  INFO 1220 --- [restartedMain] com.zaxxer.hikari.HikariDataSource       : HikariPool-1 - Start completed.
2023-02-03 06:29:31.419  INFO 1220 --- [restartedMain] org.hibernate.dialect.Dialect            : HHH000400: Using dialect: org.hibernate.dialect.PostgreSQLDialect
2023-02-03 06:29:32.086  INFO 1220 --- [restartedMain] o.h.e.t.j.p.i.JtaPlatformInitiator       : HHH000490: Using JtaPlatform implementation: [org.hibernate.engine.transaction.jta.platform.internal.NoJtaPlatform]
2023-02-03 06:29:32.104  INFO 1220 --- [restartedMain] c.cg.hbm.controller.HotelRestController  : Hotel booking Rest Controller called
2023-02-03 06:29:32.521  WARN 1220 --- [restartedMain] JpaBaseConfiguration$JpaWebConfiguration : spring.jpa.open-in-view is enabled by default. Therefore, database queries may be performed during view rendering. Explicitly configure spring.jpa.open-in-view to disable this warning
2023-02-03 06:29:32.883  INFO 1220 --- [restartedMain] com.cg.hbm.HotelBooking                  : Started HotelBooking in 4.34 seconds (JVM running for 4.86)
2023-02-03 06:30:01.070  INFO 1220 --- [http-nio-2005-exec-1] o.a.c.c.C.[Tomcat].[localhost].[/]       : Initializing Spring DispatcherServlet 'dispatcherServlet'
2023-02-03 06:30:01.084  WARN 1220 --- [http-nio-2005-exec-1] .w.s.m.s.DefaultHandlerExceptionResolver : Resolved [org.springframework.web.HttpRequestMethodNotSupportedException: Request method 'PUT' not supported]
2023-02-03 06:33:17.074  WARN 1220 --- [http-nio-2005-exec-3] .w.s.m.s.DefaultHandlerExceptionResolver : Resolved [org.springframework.web.HttpRequestMethodNotSupportedException: Request method 'POST' not supported]
2023-02-03 06:37:18.741  WARN 1220 --- [http-nio-2005-exec-7] .w.s.m.s.DefaultHandlerExceptionResolver : Resolved [org.springframework.web.bind.MissingPathVariableException: Required URI template variable 'hotelId' for method parameter type Integer is not present]
